This is pdfTeX, Version 3.1415926-2.5-1.40.14 (MiKTeX 2.9) (preloaded format=pdflatex 2015.5.28)  14 APR 2017 07:18
entering extended mode
**BASMasterSample.tex
("D:\Paul\Master Sample\Publication\BASMasterSample.tex"
LaTeX2e <2011/06/27>
Babel <v3.8m> and hyphenation patterns for english, afrikaans, ancientgreek, ar
abic, armenian, assamese, basque, bengali, bokmal, bulgarian, catalan, coptic, 
croatian, czech, danish, dutch, esperanto, estonian, farsi, finnish, french, ga
lician, german, german-x-2013-05-26, greek, gujarati, hindi, hungarian, iceland
ic, indonesian, interlingua, irish, italian, kannada, kurmanji, latin, latvian,
 lithuanian, malayalam, marathi, mongolian, mongolianlmc, monogreek, ngerman, n
german-x-2013-05-26, nynorsk, oriya, panjabi, pinyin, polish, portuguese, roman
ian, russian, sanskrit, serbian, slovak, slovenian, spanish, swedish, swissgerm
an, tamil, telugu, turkish, turkmen, ukenglish, ukrainian, uppersorbian, usengl
ishmax, welsh, loaded.
("C:\Program Files (x86)\MiKTeX 2.9\tex\latex\base\article.cls"
Document Class: article 2007/10/19 v1.4h Standard LaTeX document class
("C:\Program Files (x86)\MiKTeX 2.9\tex\latex\base\size10.clo"
File: size10.clo 2007/10/19 v1.4h Standard LaTeX file (size option)
)
\c@part=\count79
\c@section=\count80
\c@subsection=\count81
\c@subsubsection=\count82
\c@paragraph=\count83
\c@subparagraph=\count84
\c@figure=\count85
\c@table=\count86
\abovecaptionskip=\skip41
\belowcaptionskip=\skip42
\bibindent=\dimen102
)
("C:\Program Files (x86)\MiKTeX 2.9\tex\latex\amsmath\amsmath.sty"
Package: amsmath 2013/01/14 v2.14 AMS math features
\@mathmargin=\skip43

For additional information on amsmath, use the `?' option.
("C:\Program Files (x86)\MiKTeX 2.9\tex\latex\amsmath\amstext.sty"
Package: amstext 2000/06/29 v2.01

("C:\Program Files (x86)\MiKTeX 2.9\tex\latex\amsmath\amsgen.sty"
File: amsgen.sty 1999/11/30 v2.0
\@emptytoks=\toks14
\ex@=\dimen103
))
("C:\Program Files (x86)\MiKTeX 2.9\tex\latex\amsmath\amsbsy.sty"
Package: amsbsy 1999/11/29 v1.2d
\pmbraise@=\dimen104
)
("C:\Program Files (x86)\MiKTeX 2.9\tex\latex\amsmath\amsopn.sty"
Package: amsopn 1999/12/14 v2.01 operator names
)
\inf@bad=\count87
LaTeX Info: Redefining \frac on input line 210.
\uproot@=\count88
\leftroot@=\count89
LaTeX Info: Redefining \overline on input line 306.
\classnum@=\count90
\DOTSCASE@=\count91
LaTeX Info: Redefining \ldots on input line 378.
LaTeX Info: Redefining \dots on input line 381.
LaTeX Info: Redefining \cdots on input line 466.
\Mathstrutbox@=\box26
\strutbox@=\box27
\big@size=\dimen105
LaTeX Font Info:    Redeclaring font encoding OML on input line 566.
LaTeX Font Info:    Redeclaring font encoding OMS on input line 567.
\macc@depth=\count92
\c@MaxMatrixCols=\count93
\dotsspace@=\muskip10
\c@parentequation=\count94
\dspbrk@lvl=\count95
\tag@help=\toks15
\row@=\count96
\column@=\count97
\maxfields@=\count98
\andhelp@=\toks16
\eqnshift@=\dimen106
\alignsep@=\dimen107
\tagshift@=\dimen108
\tagwidth@=\dimen109
\totwidth@=\dimen110
\lineht@=\dimen111
\@envbody=\toks17
\multlinegap=\skip44
\multlinetaggap=\skip45
\mathdisplay@stack=\toks18
LaTeX Info: Redefining \[ on input line 2665.
LaTeX Info: Redefining \] on input line 2666.
)
("C:\Program Files (x86)\MiKTeX 2.9\tex\latex\graphics\graphicx.sty"
Package: graphicx 1999/02/16 v1.0f Enhanced LaTeX Graphics (DPC,SPQR)

("C:\Program Files (x86)\MiKTeX 2.9\tex\latex\graphics\keyval.sty"
Package: keyval 1999/03/16 v1.13 key=value parser (DPC)
\KV@toks@=\toks19
)
("C:\Program Files (x86)\MiKTeX 2.9\tex\latex\graphics\graphics.sty"
Package: graphics 2009/02/05 v1.0o Standard LaTeX Graphics (DPC,SPQR)

("C:\Program Files (x86)\MiKTeX 2.9\tex\latex\graphics\trig.sty"
Package: trig 1999/03/16 v1.09 sin cos tan (DPC)
)
("C:\Program Files (x86)\MiKTeX 2.9\tex\latex\00miktex\graphics.cfg"
File: graphics.cfg 2007/01/18 v1.5 graphics configuration of teTeX/TeXLive
)
Package graphics Info: Driver file: pdftex.def on input line 91.

(C:\Users\pbates\AppData\Roaming\MiKTeX\2.9\tex\latex\graphics-def\pdftex.def
File: pdftex.def 2016/07/10 v0.06j Graphics/color for pdfTeX

("C:\Program Files (x86)\MiKTeX 2.9\tex\generic\oberdiek\infwarerr.sty"
Package: infwarerr 2010/04/08 v1.3 Providing info/warning/error messages (HO)
)
("C:\Program Files (x86)\MiKTeX 2.9\tex\generic\oberdiek\ltxcmds.sty"
Package: ltxcmds 2011/11/09 v1.22 LaTeX kernel commands for general use (HO)
)
\Gread@gobject=\count99
))
\Gin@req@height=\dimen112
\Gin@req@width=\dimen113
)
("C:\Program Files (x86)\MiKTeX 2.9\tex\latex\oberdiek\picture.sty"
Package: picture 2009/10/11 v1.3 Dimens for picture macros (HO)
Package picture Info: Calculation method: etex.
)
("C:\Program Files (x86)\MiKTeX 2.9\tex\latex\tools\calc.sty"
Package: calc 2007/08/22 v4.3 Infix arithmetic (KKT,FJ)
\calc@Acount=\count100
\calc@Bcount=\count101
\calc@Adimen=\dimen114
\calc@Bdimen=\dimen115
\calc@Askip=\skip46
\calc@Bskip=\skip47
LaTeX Info: Redefining \setlength on input line 76.
LaTeX Info: Redefining \addtolength on input line 77.
\calc@Ccount=\count102
\calc@Cskip=\skip48
)
(C:\Users\pbates\AppData\Roaming\MiKTeX\2.9\tex\latex\pgf\frontendlayer\tikz.st
y (C:\Users\pbates\AppData\Roaming\MiKTeX\2.9\tex\latex\pgf\basiclayer\pgf.sty
(C:\Users\pbates\AppData\Roaming\MiKTeX\2.9\tex\latex\pgf\utilities\pgfrcs.sty
(C:\Users\pbates\AppData\Roaming\MiKTeX\2.9\tex\generic\pgf\utilities\pgfutil-c
ommon.tex
\pgfutil@everybye=\toks20
\pgfutil@tempdima=\dimen116
\pgfutil@tempdimb=\dimen117

(C:\Users\pbates\AppData\Roaming\MiKTeX\2.9\tex\generic\pgf\utilities\pgfutil-c
ommon-lists.tex))
(C:\Users\pbates\AppData\Roaming\MiKTeX\2.9\tex\generic\pgf\utilities\pgfutil-l
atex.def
\pgfutil@abb=\box28
 (C:\Users\pbates\AppData\Roaming\MiKTeX\2.9\tex\latex\ms\everyshi.sty
Package: everyshi 2001/05/15 v3.00 EveryShipout Package (MS)
))
(C:\Users\pbates\AppData\Roaming\MiKTeX\2.9\tex\generic\pgf\utilities\pgfrcs.co
de.tex
Package: pgfrcs 2013/12/20 v3.0.0 (rcs-revision 1.28)
))
Package: pgf 2013/12/18 v3.0.0 (rcs-revision 1.14)

(C:\Users\pbates\AppData\Roaming\MiKTeX\2.9\tex\latex\pgf\basiclayer\pgfcore.st
y
(C:\Users\pbates\AppData\Roaming\MiKTeX\2.9\tex\latex\pgf\systemlayer\pgfsys.st
y
(C:\Users\pbates\AppData\Roaming\MiKTeX\2.9\tex\generic\pgf\systemlayer\pgfsys.
code.tex
Package: pgfsys 2013/11/30 v3.0.0 (rcs-revision 1.47)

(C:\Users\pbates\AppData\Roaming\MiKTeX\2.9\tex\generic\pgf\utilities\pgfkeys.c
ode.tex
\pgfkeys@pathtoks=\toks21
\pgfkeys@temptoks=\toks22

(C:\Users\pbates\AppData\Roaming\MiKTeX\2.9\tex\generic\pgf\utilities\pgfkeysfi
ltered.code.tex
\pgfkeys@tmptoks=\toks23
))
\pgf@x=\dimen118
\pgf@y=\dimen119
\pgf@xa=\dimen120
\pgf@ya=\dimen121
\pgf@xb=\dimen122
\pgf@yb=\dimen123
\pgf@xc=\dimen124
\pgf@yc=\dimen125
\w@pgf@writea=\write3
\r@pgf@reada=\read1
\c@pgf@counta=\count103
\c@pgf@countb=\count104
\c@pgf@countc=\count105
\c@pgf@countd=\count106
\t@pgf@toka=\toks24
\t@pgf@tokb=\toks25
\t@pgf@tokc=\toks26

(C:\Users\pbates\AppData\Roaming\MiKTeX\2.9\tex\generic\pgf\systemlayer\pgf.cfg
File: pgf.cfg 2008/05/14  (rcs-revision 1.7)
)
Driver file for pgf: pgfsys-pdftex.def

(C:\Users\pbates\AppData\Roaming\MiKTeX\2.9\tex\generic\pgf\systemlayer\pgfsys-
pdftex.def
File: pgfsys-pdftex.def 2013/07/18  (rcs-revision 1.33)

(C:\Users\pbates\AppData\Roaming\MiKTeX\2.9\tex\generic\pgf\systemlayer\pgfsys-
common-pdf.def
File: pgfsys-common-pdf.def 2013/10/10  (rcs-revision 1.13)
)))
(C:\Users\pbates\AppData\Roaming\MiKTeX\2.9\tex\generic\pgf\systemlayer\pgfsyss
oftpath.code.tex
File: pgfsyssoftpath.code.tex 2013/09/09  (rcs-revision 1.9)
\pgfsyssoftpath@smallbuffer@items=\count107
\pgfsyssoftpath@bigbuffer@items=\count108
)
(C:\Users\pbates\AppData\Roaming\MiKTeX\2.9\tex\generic\pgf\systemlayer\pgfsysp
rotocol.code.tex
File: pgfsysprotocol.code.tex 2006/10/16  (rcs-revision 1.4)
))
(C:\Users\pbates\AppData\Roaming\MiKTeX\2.9\tex\latex\xcolor\xcolor.sty
Package: xcolor 2007/01/21 v2.11 LaTeX color extensions (UK)

("C:\Program Files (x86)\MiKTeX 2.9\tex\latex\00miktex\color.cfg"
File: color.cfg 2007/01/18 v1.5 color configuration of teTeX/TeXLive
)
Package xcolor Info: Driver file: pdftex.def on input line 225.
Package xcolor Info: Model `cmy' substituted by `cmy0' on input line 1337.
Package xcolor Info: Model `hsb' substituted by `rgb' on input line 1341.
Package xcolor Info: Model `RGB' extended on input line 1353.
Package xcolor Info: Model `HTML' substituted by `rgb' on input line 1355.
Package xcolor Info: Model `Hsb' substituted by `hsb' on input line 1356.
Package xcolor Info: Model `tHsb' substituted by `hsb' on input line 1357.
Package xcolor Info: Model `HSB' substituted by `hsb' on input line 1358.
Package xcolor Info: Model `Gray' substituted by `gray' on input line 1359.
Package xcolor Info: Model `wave' substituted by `hsb' on input line 1360.
)
(C:\Users\pbates\AppData\Roaming\MiKTeX\2.9\tex\generic\pgf\basiclayer\pgfcore.
code.tex
Package: pgfcore 2010/04/11 v3.0.0 (rcs-revision 1.7)

(C:\Users\pbates\AppData\Roaming\MiKTeX\2.9\tex\generic\pgf\math\pgfmath.code.t
ex
(C:\Users\pbates\AppData\Roaming\MiKTeX\2.9\tex\generic\pgf\math\pgfmathcalc.co
de.tex
(C:\Users\pbates\AppData\Roaming\MiKTeX\2.9\tex\generic\pgf\math\pgfmathutil.co
de.tex)
(C:\Users\pbates\AppData\Roaming\MiKTeX\2.9\tex\generic\pgf\math\pgfmathparser.
code.tex
\pgfmath@dimen=\dimen126
\pgfmath@count=\count109
\pgfmath@box=\box29
\pgfmath@toks=\toks27
\pgfmath@stack@operand=\toks28
\pgfmath@stack@operation=\toks29
)
(C:\Users\pbates\AppData\Roaming\MiKTeX\2.9\tex\generic\pgf\math\pgfmathfunctio
ns.code.tex
(C:\Users\pbates\AppData\Roaming\MiKTeX\2.9\tex\generic\pgf\math\pgfmathfunctio
ns.basic.code.tex)
(C:\Users\pbates\AppData\Roaming\MiKTeX\2.9\tex\generic\pgf\math\pgfmathfunctio
ns.trigonometric.code.tex)
(C:\Users\pbates\AppData\Roaming\MiKTeX\2.9\tex\generic\pgf\math\pgfmathfunctio
ns.random.code.tex)
(C:\Users\pbates\AppData\Roaming\MiKTeX\2.9\tex\generic\pgf\math\pgfmathfunctio
ns.comparison.code.tex)
(C:\Users\pbates\AppData\Roaming\MiKTeX\2.9\tex\generic\pgf\math\pgfmathfunctio
ns.base.code.tex)
(C:\Users\pbates\AppData\Roaming\MiKTeX\2.9\tex\generic\pgf\math\pgfmathfunctio
ns.round.code.tex)
(C:\Users\pbates\AppData\Roaming\MiKTeX\2.9\tex\generic\pgf\math\pgfmathfunctio
ns.misc.code.tex)
(C:\Users\pbates\AppData\Roaming\MiKTeX\2.9\tex\generic\pgf\math\pgfmathfunctio
ns.integerarithmetics.code.tex)))
(C:\Users\pbates\AppData\Roaming\MiKTeX\2.9\tex\generic\pgf\math\pgfmathfloat.c
ode.tex
\c@pgfmathroundto@lastzeros=\count110
))
(C:\Users\pbates\AppData\Roaming\MiKTeX\2.9\tex\generic\pgf\basiclayer\pgfcorep
oints.code.tex
File: pgfcorepoints.code.tex 2013/10/07  (rcs-revision 1.27)
\pgf@picminx=\dimen127
\pgf@picmaxx=\dimen128
\pgf@picminy=\dimen129
\pgf@picmaxy=\dimen130
\pgf@pathminx=\dimen131
\pgf@pathmaxx=\dimen132
\pgf@pathminy=\dimen133
\pgf@pathmaxy=\dimen134
\pgf@xx=\dimen135
\pgf@xy=\dimen136
\pgf@yx=\dimen137
\pgf@yy=\dimen138
\pgf@zx=\dimen139
\pgf@zy=\dimen140
)
(C:\Users\pbates\AppData\Roaming\MiKTeX\2.9\tex\generic\pgf\basiclayer\pgfcorep
athconstruct.code.tex
File: pgfcorepathconstruct.code.tex 2013/10/07  (rcs-revision 1.29)
\pgf@path@lastx=\dimen141
\pgf@path@lasty=\dimen142
)
(C:\Users\pbates\AppData\Roaming\MiKTeX\2.9\tex\generic\pgf\basiclayer\pgfcorep
athusage.code.tex
File: pgfcorepathusage.code.tex 2013/12/13  (rcs-revision 1.23)
\pgf@shorten@end@additional=\dimen143
\pgf@shorten@start@additional=\dimen144
)
(C:\Users\pbates\AppData\Roaming\MiKTeX\2.9\tex\generic\pgf\basiclayer\pgfcores
copes.code.tex
File: pgfcorescopes.code.tex 2013/10/09  (rcs-revision 1.44)
\pgfpic=\box30
\pgf@hbox=\box31
\pgf@layerbox@main=\box32
\pgf@picture@serial@count=\count111
)
(C:\Users\pbates\AppData\Roaming\MiKTeX\2.9\tex\generic\pgf\basiclayer\pgfcoreg
raphicstate.code.tex
File: pgfcoregraphicstate.code.tex 2013/09/19  (rcs-revision 1.11)
\pgflinewidth=\dimen145
)
(C:\Users\pbates\AppData\Roaming\MiKTeX\2.9\tex\generic\pgf\basiclayer\pgfcoret
ransformations.code.tex
File: pgfcoretransformations.code.tex 2013/10/10  (rcs-revision 1.17)
\pgf@pt@x=\dimen146
\pgf@pt@y=\dimen147
\pgf@pt@temp=\dimen148
)
(C:\Users\pbates\AppData\Roaming\MiKTeX\2.9\tex\generic\pgf\basiclayer\pgfcoreq
uick.code.tex
File: pgfcorequick.code.tex 2008/10/09  (rcs-revision 1.3)
)
(C:\Users\pbates\AppData\Roaming\MiKTeX\2.9\tex\generic\pgf\basiclayer\pgfcoreo
bjects.code.tex
File: pgfcoreobjects.code.tex 2006/10/11  (rcs-revision 1.2)
)
(C:\Users\pbates\AppData\Roaming\MiKTeX\2.9\tex\generic\pgf\basiclayer\pgfcorep
athprocessing.code.tex
File: pgfcorepathprocessing.code.tex 2013/09/09  (rcs-revision 1.9)
)
(C:\Users\pbates\AppData\Roaming\MiKTeX\2.9\tex\generic\pgf\basiclayer\pgfcorea
rrows.code.tex
File: pgfcorearrows.code.tex 2013/11/07  (rcs-revision 1.40)
\pgfarrowsep=\dimen149
)
(C:\Users\pbates\AppData\Roaming\MiKTeX\2.9\tex\generic\pgf\basiclayer\pgfcores
hade.code.tex
File: pgfcoreshade.code.tex 2013/07/15  (rcs-revision 1.15)
\pgf@max=\dimen150
\pgf@sys@shading@range@num=\count112
)
(C:\Users\pbates\AppData\Roaming\MiKTeX\2.9\tex\generic\pgf\basiclayer\pgfcorei
mage.code.tex
File: pgfcoreimage.code.tex 2013/07/15  (rcs-revision 1.18)

(C:\Users\pbates\AppData\Roaming\MiKTeX\2.9\tex\generic\pgf\basiclayer\pgfcoree
xternal.code.tex
File: pgfcoreexternal.code.tex 2013/07/15  (rcs-revision 1.20)
\pgfexternal@startupbox=\box33
))
(C:\Users\pbates\AppData\Roaming\MiKTeX\2.9\tex\generic\pgf\basiclayer\pgfcorel
ayers.code.tex
File: pgfcorelayers.code.tex 2013/07/18  (rcs-revision 1.7)
)
(C:\Users\pbates\AppData\Roaming\MiKTeX\2.9\tex\generic\pgf\basiclayer\pgfcoret
ransparency.code.tex
File: pgfcoretransparency.code.tex 2013/09/30  (rcs-revision 1.5)
)
(C:\Users\pbates\AppData\Roaming\MiKTeX\2.9\tex\generic\pgf\basiclayer\pgfcorep
atterns.code.tex
File: pgfcorepatterns.code.tex 2013/11/07  (rcs-revision 1.5)
)))
(C:\Users\pbates\AppData\Roaming\MiKTeX\2.9\tex\generic\pgf\modules\pgfmodulesh
apes.code.tex
File: pgfmoduleshapes.code.tex 2013/10/31  (rcs-revision 1.34)
\pgfnodeparttextbox=\box34
)
(C:\Users\pbates\AppData\Roaming\MiKTeX\2.9\tex\generic\pgf\modules\pgfmodulepl
ot.code.tex
File: pgfmoduleplot.code.tex 2013/07/31  (rcs-revision 1.12)
)
(C:\Users\pbates\AppData\Roaming\MiKTeX\2.9\tex\latex\pgf\compatibility\pgfcomp
-version-0-65.sty
Package: pgfcomp-version-0-65 2007/07/03 v3.0.0 (rcs-revision 1.7)
\pgf@nodesepstart=\dimen151
\pgf@nodesepend=\dimen152
)
(C:\Users\pbates\AppData\Roaming\MiKTeX\2.9\tex\latex\pgf\compatibility\pgfcomp
-version-1-18.sty
Package: pgfcomp-version-1-18 2007/07/23 v3.0.0 (rcs-revision 1.1)
))
(C:\Users\pbates\AppData\Roaming\MiKTeX\2.9\tex\latex\pgf\utilities\pgffor.sty
(C:\Users\pbates\AppData\Roaming\MiKTeX\2.9\tex\latex\pgf\utilities\pgfkeys.sty

(C:\Users\pbates\AppData\Roaming\MiKTeX\2.9\tex\generic\pgf\utilities\pgfkeys.c
ode.tex))
(C:\Users\pbates\AppData\Roaming\MiKTeX\2.9\tex\latex\pgf\math\pgfmath.sty
(C:\Users\pbates\AppData\Roaming\MiKTeX\2.9\tex\generic\pgf\math\pgfmath.code.t
ex))
(C:\Users\pbates\AppData\Roaming\MiKTeX\2.9\tex\generic\pgf\utilities\pgffor.co
de.tex
Package: pgffor 2013/12/13 v3.0.0 (rcs-revision 1.25)

(C:\Users\pbates\AppData\Roaming\MiKTeX\2.9\tex\generic\pgf\math\pgfmath.code.t
ex)
\pgffor@iter=\dimen153
\pgffor@skip=\dimen154
\pgffor@stack=\toks30
\pgffor@toks=\toks31
))
(C:\Users\pbates\AppData\Roaming\MiKTeX\2.9\tex\generic\pgf\frontendlayer\tikz\
tikz.code.tex
Package: tikz 2013/12/13 v3.0.0 (rcs-revision 1.142)

(C:\Users\pbates\AppData\Roaming\MiKTeX\2.9\tex\generic\pgf\libraries\pgflibrar
yplothandlers.code.tex
File: pgflibraryplothandlers.code.tex 2013/08/31 v3.0.0 (rcs-revision 1.20)
\pgf@plot@mark@count=\count113
\pgfplotmarksize=\dimen155
)
\tikz@lastx=\dimen156
\tikz@lasty=\dimen157
\tikz@lastxsaved=\dimen158
\tikz@lastysaved=\dimen159
\tikzleveldistance=\dimen160
\tikzsiblingdistance=\dimen161
\tikz@figbox=\box35
\tikz@figbox@bg=\box36
\tikz@tempbox=\box37
\tikz@tempbox@bg=\box38
\tikztreelevel=\count114
\tikznumberofchildren=\count115
\tikznumberofcurrentchild=\count116
\tikz@fig@count=\count117

(C:\Users\pbates\AppData\Roaming\MiKTeX\2.9\tex\generic\pgf\modules\pgfmodulema
trix.code.tex
File: pgfmodulematrix.code.tex 2013/09/17  (rcs-revision 1.8)
\pgfmatrixcurrentrow=\count118
\pgfmatrixcurrentcolumn=\count119
\pgf@matrix@numberofcolumns=\count120
)
\tikz@expandcount=\count121

(C:\Users\pbates\AppData\Roaming\MiKTeX\2.9\tex\generic\pgf\frontendlayer\tikz\
libraries\tikzlibrarytopaths.code.tex
File: tikzlibrarytopaths.code.tex 2008/06/17 v3.0.0 (rcs-revision 1.2)
)))
("D:\Paul\Master Sample\Publication\BASMasterSample.aux")
LaTeX Font Info:    Checking defaults for OML/cmm/m/it on input line 11.
LaTeX Font Info:    ... okay on input line 11.
LaTeX Font Info:    Checking defaults for T1/cmr/m/n on input line 11.
LaTeX Font Info:    ... okay on input line 11.
LaTeX Font Info:    Checking defaults for OT1/cmr/m/n on input line 11.
LaTeX Font Info:    ... okay on input line 11.
LaTeX Font Info:    Checking defaults for OMS/cmsy/m/n on input line 11.
LaTeX Font Info:    ... okay on input line 11.
LaTeX Font Info:    Checking defaults for OMX/cmex/m/n on input line 11.
LaTeX Font Info:    ... okay on input line 11.
LaTeX Font Info:    Checking defaults for U/cmr/m/n on input line 11.
LaTeX Font Info:    ... okay on input line 11.

(C:\Users\pbates\AppData\Roaming\MiKTeX\2.9\tex\context\base\supp-pdf.mkii
[Loading MPS to PDF converter (version 2006.09.02).]
\scratchcounter=\count122
\scratchdimen=\dimen162
\scratchbox=\box39
\nofMPsegments=\count123
\nofMParguments=\count124
\everyMPshowfont=\toks32
\MPscratchCnt=\count125
\MPscratchDim=\dimen163
\MPnumerator=\count126
\makeMPintoPDFobject=\count127
\everyMPtoPDFconversion=\toks33
) ("C:\Program Files (x86)\MiKTeX 2.9\tex\generic\oberdiek\pdftexcmds.sty"
Package: pdftexcmds 2011/11/29 v0.20 Utility functions of pdfTeX for LuaTeX (HO
)

("C:\Program Files (x86)\MiKTeX 2.9\tex\generic\oberdiek\ifluatex.sty"
Package: ifluatex 2010/03/01 v1.3 Provides the ifluatex switch (HO)
Package ifluatex Info: LuaTeX not detected.
)
("C:\Program Files (x86)\MiKTeX 2.9\tex\generic\oberdiek\ifpdf.sty"
Package: ifpdf 2011/01/30 v2.3 Provides the ifpdf switch (HO)
Package ifpdf Info: pdfTeX in PDF mode is detected.
)
Package pdftexcmds Info: LuaTeX not detected.
Package pdftexcmds Info: \pdf@primitive is available.
Package pdftexcmds Info: \pdf@ifprimitive is available.
Package pdftexcmds Info: \pdfdraftmode found.
)
("C:\Program Files (x86)\MiKTeX 2.9\tex\latex\oberdiek\epstopdf-base.sty"
Package: epstopdf-base 2010/02/09 v2.5 Base part for package epstopdf

("C:\Program Files (x86)\MiKTeX 2.9\tex\latex\oberdiek\grfext.sty"
Package: grfext 2010/08/19 v1.1 Manage graphics extensions (HO)

("C:\Program Files (x86)\MiKTeX 2.9\tex\generic\oberdiek\kvdefinekeys.sty"
Package: kvdefinekeys 2011/04/07 v1.3 Define keys (HO)
))
("C:\Program Files (x86)\MiKTeX 2.9\tex\latex\oberdiek\kvoptions.sty"
Package: kvoptions 2011/06/30 v3.11 Key value format for package options (HO)

("C:\Program Files (x86)\MiKTeX 2.9\tex\generic\oberdiek\kvsetkeys.sty"
Package: kvsetkeys 2012/04/25 v1.16 Key value parser (HO)

("C:\Program Files (x86)\MiKTeX 2.9\tex\generic\oberdiek\etexcmds.sty"
Package: etexcmds 2011/02/16 v1.5 Avoid name clashes with e-TeX commands (HO)
Package etexcmds Info: Could not find \expanded.
(etexcmds)             That can mean that you are not using pdfTeX 1.50 or
(etexcmds)             that some package has redefined \expanded.
(etexcmds)             In the latter case, load this package earlier.
)))
Package epstopdf-base Info: Redefining graphics rule for `.eps' on input line 4
34.
Package grfext Info: Graphics extension search list:
(grfext)             [.png,.pdf,.jpg,.mps,.jpeg,.jbig2,.jb2,.PNG,.PDF,.JPG,.JPE
G,.JBIG2,.JB2,.eps]
(grfext)             \AppendGraphicsExtensions on input line 452.
)
ABD: EveryShipout initializing macros
Underfull \hbox (badness 10000) in paragraph at lines 20--21

 []


Underfull \hbox (badness 10000) in paragraph at lines 22--23

 []

[1

{C:/Users/pbates/AppData/Local/MiKTeX/2.9/pdftex/config/pdftex.map}]
Underfull \hbox (badness 10000) in paragraph at lines 24--25

 []


Underfull \hbox (badness 10000) in paragraph at lines 26--27

 []


Underfull \hbox (badness 10000) in paragraph at lines 28--29

 []

[2]
Underfull \hbox (badness 10000) in paragraph at lines 32--33

 []


Underfull \hbox (badness 10000) in paragraph at lines 34--35

 []


Underfull \hbox (badness 10000) in paragraph at lines 37--38

 []

[3]
Underfull \hbox (badness 10000) in paragraph at lines 39--40

 []


Underfull \hbox (badness 10000) in paragraph at lines 42--43

 []


Underfull \hbox (badness 10000) in paragraph at lines 45--46

 []

[4] ("D:\Paul\Master Sample\Publication\BASMasterSample.bbl" [5] [6])
<SpatialBalanceTier1.png, id=39, 542.025pt x 325.215pt>
File: SpatialBalanceTier1.png Graphic file (type png)

<use SpatialBalanceTier1.png>
Package pdftex.def Info: SpatialBalanceTier1.png used on input line 71.
(pdftex.def)             Requested size: 271.01183pt x 162.6071pt.
 <intense.png, id=40, 360.59718pt x 360.59718pt>
File: intense.png Graphic file (type png)

<use intense.png>
Package pdftex.def Info: intense.png used on input line 77.
(pdftex.def)             Requested size: 180.29814pt x 180.29814pt.
 <HaltonGrid.png, id=42, 481.8pt x 481.8pt>
File: HaltonGrid.png Graphic file (type png)

<use HaltonGrid.png>
Package pdftex.def Info: HaltonGrid.png used on input line 99.
(pdftex.def)             Requested size: 240.8994pt x 240.8994pt.
 [7 <D:/Paul/Master Sample/Publication/SpatialBalanceTier1.png (PNG copy)>] [8 
<D:/Paul/Master Sample/Publication/intense.png>] [9 <D:/Paul/Master Sample/Publ
ication/HaltonGrid.png>]
("D:\Paul\Master Sample\Publication\BASMasterSample.aux") ) 
Here is how much of TeX's memory you used:
 12010 strings out of 493921
 240565 string characters out of 3144873
 273511 words of memory out of 3000000
 15075 multiletter control sequences out of 15000+200000
 9668 words of font info for 35 fonts, out of 3000000 for 9000
 841 hyphenation exceptions out of 8191
 55i,9n,54p,1259b,232s stack positions out of 5000i,500n,10000p,200000b,50000s
<C:/Program Files (x
86)/MiKTeX 2.9/fonts/type1/public/amsfonts/cm/cmbx12.pfb><C:/Program Files (x86
)/MiKTeX 2.9/fonts/type1/public/amsfonts/cm/cmbx9.pfb><C:/Program Files (x86)/M
iKTeX 2.9/fonts/type1/public/amsfonts/cm/cmex10.pfb><C:/Program Files (x86)/MiK
TeX 2.9/fonts/type1/public/amsfonts/cmextra/cmex7.pfb><C:/Program Files (x86)/M
iKTeX 2.9/fonts/type1/public/amsfonts/cm/cmmi10.pfb><C:/Program Files (x86)/MiK
TeX 2.9/fonts/type1/public/amsfonts/cm/cmmi5.pfb><C:/Program Files (x86)/MiKTeX
 2.9/fonts/type1/public/amsfonts/cm/cmmi7.pfb><C:/Program Files (x86)/MiKTeX 2.
9/fonts/type1/public/amsfonts/cm/cmr10.pfb><C:/Program Files (x86)/MiKTeX 2.9/f
onts/type1/public/amsfonts/cm/cmr12.pfb><C:/Program Files (x86)/MiKTeX 2.9/font
s/type1/public/amsfonts/cm/cmr17.pfb><C:/Program Files (x86)/MiKTeX 2.9/fonts/t
ype1/public/amsfonts/cm/cmr7.pfb><C:/Program Files (x86)/MiKTeX 2.9/fonts/type1
/public/amsfonts/cm/cmr9.pfb><C:/Program Files (x86)/MiKTeX 2.9/fonts/type1/pub
lic/amsfonts/cm/cmsy10.pfb><C:/Program Files (x86)/MiKTeX 2.9/fonts/type1/publi
c/amsfonts/cm/cmsy5.pfb><C:/Program Files (x86)/MiKTeX 2.9/fonts/type1/public/a
msfonts/cm/cmsy7.pfb><C:/Program Files (x86)/MiKTeX 2.9/fonts/type1/public/amsf
onts/cm/cmti10.pfb>
Output written on BASMasterSample.pdf (9 pages, 430560 bytes).
PDF statistics:
 105 PDF objects out of 1000 (max. 8388607)
 0 named destinations out of 1000 (max. 500000)
 28 words of extra memory for PDF output out of 10000 (max. 10000000)

